Using pre-set license
Built from '2020.3/staging' branch; Version is '2020.3.13f1 (71691879b7f5) revision 7432472'; Using compiler version '192528614'; Build Type 'Release'
OS: 'Windows 10 Pro; OS build 19041.1052; Version 2004; 64bit' Language: 'ko' Physical Memory: 16202 MB
BatchMode: 1, IsHumanControllingUs: 0, StartBugReporterOnCrash: 0, Is64bit: 1, IsPro: 0

 COMMAND LINE ARGUMENTS:
C:\Program Files\Unity\Hub\Editor\2020.3.13f1\Editor\Unity.exe
-adb2
-batchMode
-noUpm
-name
AssetImportWorker0
-projectPath
C:/Users/mgw15/unity/New Unity Project
-logFile
Logs/AssetImportWorker0.log
-srvPort
61355
Successfully changed project path to: C:/Users/mgw15/unity/New Unity Project
C:/Users/mgw15/unity/New Unity Project
Using Asset Import Pipeline V2.
Refreshing native plugins compatible for Editor in 37.12 ms, found 3 plugins.
Preloading 0 native plugins for Editor in 0.00 ms.
Initialize engine version: 2020.3.13f1 (71691879b7f5)
[Subsystems] Discovering subsystems at path C:/Program Files/Unity/Hub/Editor/2020.3.13f1/Editor/Data/Resources/UnitySubsystems
[Subsystems] Discovering subsystems at path C:/Users/mgw15/unity/New Unity Project/Assets
GfxDevice: creating device client; threaded=0
Direct3D:
    Version:  Direct3D 11.0 [level 11.1]
    Renderer: NVIDIA GeForce GTX 1650 with Max-Q Design (ID=0x1f99)
    Vendor:   
    VRAM:     3962 MB
    Driver:   27.21.14.6221
Initialize mono
Mono path[0] = 'C:/Program Files/Unity/Hub/Editor/2020.3.13f1/Editor/Data/Managed'
Mono path[1] = 'C:/Program Files/Unity/Hub/Editor/2020.3.13f1/Editor/Data/MonoBleedingEdge/lib/mono/unityjit'
Mono config path = 'C:/Program Files/Unity/Hub/Editor/2020.3.13f1/Editor/Data/MonoBleedingEdge/etc'
Using monoOptions --debugger-agent=transport=dt_socket,embedding=1,server=y,suspend=n,address=127.0.0.1:56564
Begin MonoManager ReloadAssembly
Registering precompiled unity dll's ...
Register platform support module: C:/Program Files/Unity/Hub/Editor/2020.3.13f1/Editor/Data/PlaybackEngines/WebGLSupport/UnityEditor.WebGL.Extensions.dll
Register platform support module: C:/Program Files/Unity/Hub/Editor/2020.3.13f1/Editor/Data/PlaybackEngines/WindowsStandaloneSupport/UnityEditor.WindowsStandalone.Extensions.dll
Registered in 0.003266 seconds.
Native extension for WindowsStandalone target not found
Native extension for WebGL target not found
Refreshing native plugins compatible for Editor in 32.79 ms, found 3 plugins.
Preloading 0 native plugins for Editor in 0.00 ms.
Mono: successfully reloaded assembly
- Completed reload, in  1.061 seconds
Platform modules already initialized, skipping
Registering precompiled user dll's ...
Registered in 0.004844 seconds.
Begin MonoManager ReloadAssembly
Native extension for WindowsStandalone target not found
Native extension for WebGL target not found
Refreshing native plugins compatible for Editor in 0.35 ms, found 3 plugins.
Preloading 0 native plugins for Editor in 0.00 ms.
Mono: successfully reloaded assembly
- Completed reload, in  0.944 seconds
Platform modules already initialized, skipping
========================================================================
Worker process is ready to serve import requests
Launched and connected shader compiler UnityShaderCompiler.exe after 0.04 seconds
Refreshing native plugins compatible for Editor in 0.36 ms, found 3 plugins.
Preloading 0 native plugins for Editor in 0.00 ms.
Unloading 1751 Unused Serialized files (Serialized files now loaded: 0)
System memory in use before: 78.1 MB.
System memory in use after: 78.1 MB.

Unloading 21 unused Assets to reduce memory usage. Loaded Objects now: 2183.
Total: 2.074400 ms (FindLiveObjects: 0.162100 ms CreateObjectMapping: 0.066300 ms MarkObjects: 1.769500 ms  DeleteObjects: 0.075600 ms)

AssetImportParameters requested are different than current active one (requested -> active):
  custom:framework-win-MediaFoundation: 216162199b28c13a410421893ffa2e32 -> 
  custom:video-decoder-ogg-theora: a1e56fd34408186e4bbccfd4996cb3dc -> 
  custom:container-muxer-webm: aa71ff27fc2769a1b78a27578f13a17b -> 
  custom:container-demuxer-webm: 4f35f7cbe854078d1ac9338744f61a02 -> 
  custom:container-demuxer-ogg: 62fdf1f143b41e24485cea50d1cbac27 -> 
  custom:video-encoder-webm-vp8: eb34c28f22e8b96e1ab97ce403110664 -> 
  custom:video-decoder-webm-vp8: 9c59270c3fd7afecdb556c50c9e8de78 -> 
  custom:audio-decoder-ogg-vorbis: bf7c407c2cedff20999df2af8eb42d56 -> 
  custom:audio-encoder-webm-vorbis: bf7c407c2cedff20999df2af8eb42d56 -> 
========================================================================
Received Import Request.
  path: Assets/Plugins/LeapMotion/Core
  artifactKey: Guid(ce175edfa81f85f44860bca21845687e) Importer(815301076,1909f56bfc062723c751e8b465ee728b)
Start importing Assets/Plugins/LeapMotion/Core using Guid(ce175edfa81f85f44860bca21845687e) Importer(815301076,1909f56bfc062723c751e8b465ee728b)  -> (artifact id: '8094fe3353fcdaf63a9d54bcfbf02769') in 0.005659 seconds 
  Import took 0.008305 seconds .

========================================================================
Received Import Request.
  Time since last request: 0.000289 seconds.
  path: Assets/Plugins
  artifactKey: Guid(50726078333684e4bb69402c548d072b) Importer(815301076,1909f56bfc062723c751e8b465ee728b)
Start importing Assets/Plugins using Guid(50726078333684e4bb69402c548d072b) Importer(815301076,1909f56bfc062723c751e8b465ee728b)  -> (artifact id: '9c521f8102dd754aa1267bc39fa1ece3') in 0.003386 seconds 
  Import took 0.005810 seconds .

========================================================================
Received Import Request.
  Time since last request: 0.000276 seconds.
  path: Assets/Plugins/LeapMotion
  artifactKey: Guid(a6e23a5e7cbad8c41a2b78e7519ffd4a) Importer(815301076,1909f56bfc062723c751e8b465ee728b)
Start importing Assets/Plugins/LeapMotion using Guid(a6e23a5e7cbad8c41a2b78e7519ffd4a) Importer(815301076,1909f56bfc062723c751e8b465ee728b)  -> (artifact id: '1e5f2169197ef2180f89fbd19fd815b7') in 0.003468 seconds 
  Import took 0.005999 seconds .

========================================================================
Received Import Request.
  Time since last request: 0.000277 seconds.
  path: Assets/Plugins/LeapMotion/Core/Examples
  artifactKey: Guid(cf5eb85143496b9449f7755d583a0b60) Importer(815301076,1909f56bfc062723c751e8b465ee728b)
Start importing Assets/Plugins/LeapMotion/Core/Examples using Guid(cf5eb85143496b9449f7755d583a0b60) Importer(815301076,1909f56bfc062723c751e8b465ee728b)  -> (artifact id: '1ac86152cbe606935fffaebc0ac66674') in 0.004422 seconds 
  Import took 0.007333 seconds .

========================================================================
Received Import Request.
  Time since last request: 0.326049 seconds.
  path: Assets/Plugins/LeapMotion/Core/Examples/Capsule Hands (Screentop).unity
  artifactKey: Guid(ae732dbd2347132499e14bd884a9aa3b) Importer(815301076,1909f56bfc062723c751e8b465ee728b)
Start importing Assets/Plugins/LeapMotion/Core/Examples/Capsule Hands (Screentop).unity using Guid(ae732dbd2347132499e14bd884a9aa3b) Importer(815301076,1909f56bfc062723c751e8b465ee728b)  -> (artifact id: 'b4ca765eac67a536cfa552caa119e539') in 0.011196 seconds 
  Import took 0.013488 seconds .

========================================================================
Received Prepare
Registering precompiled user dll's ...
Registered in 0.004521 seconds.
Begin MonoManager ReloadAssembly
Native extension for WindowsStandalone target not found
Native extension for WebGL target not found
Refreshing native plugins compatible for Editor in 0.32 ms, found 3 plugins.
Preloading 0 native plugins for Editor in 0.00 ms.
Mono: successfully reloaded assembly
- Completed reload, in  0.818 seconds
Platform modules already initialized, skipping
Refreshing native plugins compatible for Editor in 0.33 ms, found 3 plugins.
Preloading 0 native plugins for Editor in 0.00 ms.
Unloading 1738 Unused Serialized files (Serialized files now loaded: 0)
System memory in use before: 77.3 MB.
System memory in use after: 77.4 MB.

Unloading 16 unused Assets to reduce memory usage. Loaded Objects now: 2186.
Total: 1.610100 ms (FindLiveObjects: 0.146500 ms CreateObjectMapping: 0.056400 ms MarkObjects: 1.363900 ms  DeleteObjects: 0.042400 ms)

AssetImportParameters requested are different than current active one (requested -> active):
  custom:framework-win-MediaFoundation: 216162199b28c13a410421893ffa2e32 -> 
  custom:video-decoder-ogg-theora: a1e56fd34408186e4bbccfd4996cb3dc -> 
  custom:container-muxer-webm: aa71ff27fc2769a1b78a27578f13a17b -> 
  custom:container-demuxer-webm: 4f35f7cbe854078d1ac9338744f61a02 -> 
  custom:container-demuxer-ogg: 62fdf1f143b41e24485cea50d1cbac27 -> 
  custom:video-encoder-webm-vp8: eb34c28f22e8b96e1ab97ce403110664 -> 
  custom:video-decoder-webm-vp8: 9c59270c3fd7afecdb556c50c9e8de78 -> 
  custom:audio-decoder-ogg-vorbis: bf7c407c2cedff20999df2af8eb42d56 -> 
  custom:audio-encoder-webm-vorbis: bf7c407c2cedff20999df2af8eb42d56 -> 
========================================================================
Received Prepare
Registering precompiled user dll's ...
Registered in 0.005463 seconds.
Begin MonoManager ReloadAssembly
Native extension for WindowsStandalone target not found
Native extension for WebGL target not found
Refreshing native plugins compatible for Editor in 0.31 ms, found 3 plugins.
Preloading 0 native plugins for Editor in 0.00 ms.
Mono: successfully reloaded assembly
- Completed reload, in  0.757 seconds
Platform modules already initialized, skipping
Refreshing native plugins compatible for Editor in 0.33 ms, found 3 plugins.
Preloading 0 native plugins for Editor in 0.00 ms.
Unloading 1738 Unused Serialized files (Serialized files now loaded: 0)
System memory in use before: 77.3 MB.
System memory in use after: 77.4 MB.

Unloading 16 unused Assets to reduce memory usage. Loaded Objects now: 2189.
Total: 1.599900 ms (FindLiveObjects: 0.135200 ms CreateObjectMapping: 0.053300 ms MarkObjects: 1.321900 ms  DeleteObjects: 0.088700 ms)

AssetImportParameters requested are different than current active one (requested -> active):
  custom:framework-win-MediaFoundation: 216162199b28c13a410421893ffa2e32 -> 
  custom:video-decoder-ogg-theora: a1e56fd34408186e4bbccfd4996cb3dc -> 
  custom:container-muxer-webm: aa71ff27fc2769a1b78a27578f13a17b -> 
  custom:container-demuxer-webm: 4f35f7cbe854078d1ac9338744f61a02 -> 
  custom:container-demuxer-ogg: 62fdf1f143b41e24485cea50d1cbac27 -> 
  custom:video-encoder-webm-vp8: eb34c28f22e8b96e1ab97ce403110664 -> 
  custom:video-decoder-webm-vp8: 9c59270c3fd7afecdb556c50c9e8de78 -> 
  custom:audio-decoder-ogg-vorbis: bf7c407c2cedff20999df2af8eb42d56 -> 
  custom:audio-encoder-webm-vorbis: bf7c407c2cedff20999df2af8eb42d56 -> 
AssetImportWorkerClient::OnTransportError - code=2 error=End of file
